<?xml version="1.0" encoding="UTF-8"?>
<!-- Generated by org.testng.reporters.JUnitReportReporter -->
<testsuite hostname="MISHRA" failures="0" tests="1" name="JDBCpackage.POMAmazon" time="6.529" errors="0" timestamp="2023-02-23T23:27:53 IST" skipped="0">
  <testcase classname="JDBCpackage.POMAmazon" name="auto" time="6.529"/>
  <system-out/>
</testsuite> <!-- JDBCpackage.POMAmazon -->
