<?xml version="1.0" encoding="UTF-8"?>
<!-- Generated by org.testng.reporters.JUnitReportReporter -->
<testsuite hostname="MISHRA" failures="0" tests="2" name="Vtigerapplication.createopportunities" time="32.637" errors="0" timestamp="2023-02-09T23:48:02 IST" skipped="0">
  <testcase classname="Vtigerapplication.createopportunities" name="createopp" time="16.906"/>
  <system-out/>
  <testcase classname="Vtigerapplication.createopportunities" name="createopp" time="15.731"/>
  <system-out/>
</testsuite> <!-- Vtigerapplication.createopportunities -->
