<?xml version="1.0" encoding="UTF-8"?>
<!-- Generated by org.testng.reporters.JUnitReportReporter -->
<testsuite hostname="MISHRA" failures="0" tests="1" name="practice.JDBCExecuteQuery" time="0.467" errors="0" timestamp="2023-02-02T17:15:53 IST" skipped="0">
  <testcase classname="practice.JDBCExecuteQuery" name="DBconnection" time="0.467"/>
  <system-out/>
</testsuite> <!-- practice.JDBCExecuteQuery -->
