<?xml version="1.0" encoding="UTF-8"?>
<!-- Generated by org.testng.reporters.JUnitReportReporter -->
<testsuite hostname="MISHRA" failures="0" tests="1" name="JDBCpackage.jdbc" time="0.259" errors="0" timestamp="2023-02-10T19:54:24 IST" skipped="0">
  <testcase classname="JDBCpackage.jdbc" name="Mysql" time="0.259"/>
  <system-out/>
</testsuite> <!-- JDBCpackage.jdbc -->
