<?xml version="1.0" encoding="UTF-8"?>
<!-- Generated by org.testng.reporters.JUnitReportReporter -->
<testsuite hostname="MISHRA" failures="0" tests="1" name="JDBCpackage.JDBCpractice" time="0.289" errors="0" timestamp="2023-03-03T17:23:31 IST" skipped="0">
  <testcase classname="JDBCpackage.JDBCpractice" name="databaseConn" time="0.289"/>
  <system-out/>
</testsuite> <!-- JDBCpackage.JDBCpractice -->
