<?xml version="1.0" encoding="UTF-8"?>
<!-- Generated by org.testng.reporters.JUnitReportReporter -->
<testsuite hostname="MISHRA" failures="0" tests="2" name="Vtigerapplication.CreateProductModule" time="26.875" errors="0" timestamp="2023-02-09T23:48:02 IST" skipped="0">
  <testcase classname="Vtigerapplication.CreateProductModule" name="producthandle" time="13.855"/>
  <system-out/>
  <testcase classname="Vtigerapplication.CreateProductModule" name="producthandle" time="13.020"/>
  <system-out/>
</testsuite> <!-- Vtigerapplication.CreateProductModule -->
